C:\USERS\MULLEYTG1\DOCUMENTS\GITHUB\FISH-AND-SHIPS\CHAP5SINGLETEXTURE\DEBUG\AUDIO.OBJ
C:\USERS\MULLEYTG1\DOCUMENTS\GITHUB\FISH-AND-SHIPS\CHAP5SINGLETEXTURE\DEBUG\BOAT.OBJ
C:\USERS\MULLEYTG1\DOCUMENTS\GITHUB\FISH-AND-SHIPS\CHAP5SINGLETEXTURE\DEBUG\FISH.OBJ
C:\USERS\MULLEYTG1\DOCUMENTS\GITHUB\FISH-AND-SHIPS\CHAP5SINGLETEXTURE\DEBUG\GAME.OBJ
C:\USERS\MULLEYTG1\DOCUMENTS\GITHUB\FISH-AND-SHIPS\CHAP5SINGLETEXTURE\DEBUG\GRAPHICS.OBJ
C:\USERS\MULLEYTG1\DOCUMENTS\GITHUB\FISH-AND-SHIPS\CHAP5SINGLETEXTURE\DEBUG\IMAGE.OBJ
C:\USERS\MULLEYTG1\DOCUMENTS\GITHUB\FISH-AND-SHIPS\CHAP5SINGLETEXTURE\DEBUG\INPUT.OBJ
C:\USERS\MULLEYTG1\DOCUMENTS\GITHUB\FISH-AND-SHIPS\CHAP5SINGLETEXTURE\DEBUG\ENTITY.OBJ
C:\USERS\MULLEYTG1\DOCUMENTS\GITHUB\FISH-AND-SHIPS\CHAP5SINGLETEXTURE\DEBUG\BOMB.OBJ
C:\USERS\MULLEYTG1\DOCUMENTS\GITHUB\FISH-AND-SHIPS\CHAP5SINGLETEXTURE\DEBUG\BOOM.OBJ
C:\USERS\MULLEYTG1\DOCUMENTS\GITHUB\FISH-AND-SHIPS\CHAP5SINGLETEXTURE\DEBUG\SPACEWAR.OBJ
C:\USERS\MULLEYTG1\DOCUMENTS\GITHUB\FISH-AND-SHIPS\CHAP5SINGLETEXTURE\DEBUG\TEXTDX.OBJ
C:\USERS\MULLEYTG1\DOCUMENTS\GITHUB\FISH-AND-SHIPS\CHAP5SINGLETEXTURE\DEBUG\TEXTUREMANAGER.OBJ
C:\USERS\MULLEYTG1\DOCUMENTS\GITHUB\FISH-AND-SHIPS\CHAP5SINGLETEXTURE\DEBUG\WINMAIN.OBJ
C:\USERS\MULLEYTG1\DOCUMENTS\GITHUB\FISH-AND-SHIPS\CHAP5SINGLETEXTURE\DEBUG\VC110.PDB
C:\USERS\MULLEYTG1\DOCUMENTS\GITHUB\FISH-AND-SHIPS\CHAP5SINGLETEXTURE\DEBUG\PLANET.ILK
C:\USERS\MULLEYTG1\DOCUMENTS\GITHUB\FISH-AND-SHIPS\CHAP5SINGLETEXTURE\DEBUG\PLANET.EXE
C:\USERS\MULLEYTG1\DOCUMENTS\GITHUB\FISH-AND-SHIPS\CHAP5SINGLETEXTURE\DEBUG\PLANET.PDB
C:\Users\MulleyTG1\Documents\GitHub\Fish-and-Ships\Chap5SingleTexture\Debug\audio.obj
C:\Users\MulleyTG1\Documents\GitHub\Fish-and-Ships\Chap5SingleTexture\Debug\Boat.obj
C:\Users\MulleyTG1\Documents\GitHub\Fish-and-Ships\Chap5SingleTexture\Debug\bomb.obj
C:\Users\MulleyTG1\Documents\GitHub\Fish-and-Ships\Chap5SingleTexture\Debug\boom.obj
C:\Users\MulleyTG1\Documents\GitHub\Fish-and-Ships\Chap5SingleTexture\Debug\entity.obj
C:\Users\MulleyTG1\Documents\GitHub\Fish-and-Ships\Chap5SingleTexture\Debug\fish.obj
C:\Users\MulleyTG1\Documents\GitHub\Fish-and-Ships\Chap5SingleTexture\Debug\game.obj
C:\Users\MulleyTG1\Documents\GitHub\Fish-and-Ships\Chap5SingleTexture\Debug\graphics.obj
C:\Users\MulleyTG1\Documents\GitHub\Fish-and-Ships\Chap5SingleTexture\Debug\image.obj
C:\Users\MulleyTG1\Documents\GitHub\Fish-and-Ships\Chap5SingleTexture\Debug\input.obj
C:\Users\MulleyTG1\Documents\GitHub\Fish-and-Ships\Chap5SingleTexture\Debug\spacewar.obj
C:\Users\MulleyTG1\Documents\GitHub\Fish-and-Ships\Chap5SingleTexture\Debug\textDX.obj
C:\Users\MulleyTG1\Documents\GitHub\Fish-and-Ships\Chap5SingleTexture\Debug\textureManager.obj
C:\Users\MulleyTG1\Documents\GitHub\Fish-and-Ships\Chap5SingleTexture\Debug\winmain.obj
C:\Users\MulleyTG1\Documents\GitHub\Fish-and-Ships\Chap5SingleTexture\Debug\Planet.ilk
C:\Users\MulleyTG1\Documents\GitHub\Fish-and-Ships\Chap5SingleTexture\Debug\cl.command.1.tlog
C:\Users\MulleyTG1\Documents\GitHub\Fish-and-Ships\Chap5SingleTexture\Debug\CL.read.1.tlog
C:\Users\MulleyTG1\Documents\GitHub\Fish-and-Ships\Chap5SingleTexture\Debug\CL.write.1.tlog
C:\Users\MulleyTG1\Documents\GitHub\Fish-and-Ships\Chap5SingleTexture\Debug\link-cvtres.read.1.tlog
C:\Users\MulleyTG1\Documents\GitHub\Fish-and-Ships\Chap5SingleTexture\Debug\link-cvtres.write.1.tlog
C:\Users\MulleyTG1\Documents\GitHub\Fish-and-Ships\Chap5SingleTexture\Debug\link-rc.read.1.tlog
C:\Users\MulleyTG1\Documents\GitHub\Fish-and-Ships\Chap5SingleTexture\Debug\link-rc.write.1.tlog
C:\Users\MulleyTG1\Documents\GitHub\Fish-and-Ships\Chap5SingleTexture\Debug\link.10760-cvtres.read.1.tlog
C:\Users\MulleyTG1\Documents\GitHub\Fish-and-Ships\Chap5SingleTexture\Debug\link.10760-cvtres.write.1.tlog
C:\Users\MulleyTG1\Documents\GitHub\Fish-and-Ships\Chap5SingleTexture\Debug\link.10760-rc.read.1.tlog
C:\Users\MulleyTG1\Documents\GitHub\Fish-and-Ships\Chap5SingleTexture\Debug\link.10760-rc.write.1.tlog
C:\Users\MulleyTG1\Documents\GitHub\Fish-and-Ships\Chap5SingleTexture\Debug\link.10760.read.1.tlog
C:\Users\MulleyTG1\Documents\GitHub\Fish-and-Ships\Chap5SingleTexture\Debug\link.10760.write.1.tlog
C:\Users\MulleyTG1\Documents\GitHub\Fish-and-Ships\Chap5SingleTexture\Debug\link.1128-cvtres.read.1.tlog
C:\Users\MulleyTG1\Documents\GitHub\Fish-and-Ships\Chap5SingleTexture\Debug\link.1128-cvtres.write.1.tlog
C:\Users\MulleyTG1\Documents\GitHub\Fish-and-Ships\Chap5SingleTexture\Debug\link.1128-rc.read.1.tlog
C:\Users\MulleyTG1\Documents\GitHub\Fish-and-Ships\Chap5SingleTexture\Debug\link.1128-rc.write.1.tlog
C:\Users\MulleyTG1\Documents\GitHub\Fish-and-Ships\Chap5SingleTexture\Debug\link.1128.read.1.tlog
C:\Users\MulleyTG1\Documents\GitHub\Fish-and-Ships\Chap5SingleTexture\Debug\link.1128.write.1.tlog
C:\Users\MulleyTG1\Documents\GitHub\Fish-and-Ships\Chap5SingleTexture\Debug\link.11724-cvtres.read.1.tlog
C:\Users\MulleyTG1\Documents\GitHub\Fish-and-Ships\Chap5SingleTexture\Debug\link.11724-cvtres.write.1.tlog
C:\Users\MulleyTG1\Documents\GitHub\Fish-and-Ships\Chap5SingleTexture\Debug\link.11724-rc.read.1.tlog
C:\Users\MulleyTG1\Documents\GitHub\Fish-and-Ships\Chap5SingleTexture\Debug\link.11724-rc.write.1.tlog
C:\Users\MulleyTG1\Documents\GitHub\Fish-and-Ships\Chap5SingleTexture\Debug\link.11724.read.1.tlog
C:\Users\MulleyTG1\Documents\GitHub\Fish-and-Ships\Chap5SingleTexture\Debug\link.11724.write.1.tlog
C:\Users\MulleyTG1\Documents\GitHub\Fish-and-Ships\Chap5SingleTexture\Debug\link.1516-cvtres.read.1.tlog
C:\Users\MulleyTG1\Documents\GitHub\Fish-and-Ships\Chap5SingleTexture\Debug\link.1516-cvtres.write.1.tlog
C:\Users\MulleyTG1\Documents\GitHub\Fish-and-Ships\Chap5SingleTexture\Debug\link.1516-rc.read.1.tlog
C:\Users\MulleyTG1\Documents\GitHub\Fish-and-Ships\Chap5SingleTexture\Debug\link.1516-rc.write.1.tlog
C:\Users\MulleyTG1\Documents\GitHub\Fish-and-Ships\Chap5SingleTexture\Debug\link.1516.read.1.tlog
C:\Users\MulleyTG1\Documents\GitHub\Fish-and-Ships\Chap5SingleTexture\Debug\link.1516.write.1.tlog
C:\Users\MulleyTG1\Documents\GitHub\Fish-and-Ships\Chap5SingleTexture\Debug\link.1800-cvtres.read.1.tlog
C:\Users\MulleyTG1\Documents\GitHub\Fish-and-Ships\Chap5SingleTexture\Debug\link.1800-cvtres.write.1.tlog
C:\Users\MulleyTG1\Documents\GitHub\Fish-and-Ships\Chap5SingleTexture\Debug\link.1800-rc.read.1.tlog
C:\Users\MulleyTG1\Documents\GitHub\Fish-and-Ships\Chap5SingleTexture\Debug\link.1800-rc.write.1.tlog
C:\Users\MulleyTG1\Documents\GitHub\Fish-and-Ships\Chap5SingleTexture\Debug\link.1800.read.1.tlog
C:\Users\MulleyTG1\Documents\GitHub\Fish-and-Ships\Chap5SingleTexture\Debug\link.1800.write.1.tlog
C:\Users\MulleyTG1\Documents\GitHub\Fish-and-Ships\Chap5SingleTexture\Debug\link.2948-cvtres.read.1.tlog
C:\Users\MulleyTG1\Documents\GitHub\Fish-and-Ships\Chap5SingleTexture\Debug\link.2948-cvtres.write.1.tlog
C:\Users\MulleyTG1\Documents\GitHub\Fish-and-Ships\Chap5SingleTexture\Debug\link.2948-rc.read.1.tlog
C:\Users\MulleyTG1\Documents\GitHub\Fish-and-Ships\Chap5SingleTexture\Debug\link.2948-rc.write.1.tlog
C:\Users\MulleyTG1\Documents\GitHub\Fish-and-Ships\Chap5SingleTexture\Debug\link.2948.read.1.tlog
C:\Users\MulleyTG1\Documents\GitHub\Fish-and-Ships\Chap5SingleTexture\Debug\link.2948.write.1.tlog
C:\Users\MulleyTG1\Documents\GitHub\Fish-and-Ships\Chap5SingleTexture\Debug\link.3668-cvtres.read.1.tlog
C:\Users\MulleyTG1\Documents\GitHub\Fish-and-Ships\Chap5SingleTexture\Debug\link.3668-cvtres.write.1.tlog
C:\Users\MulleyTG1\Documents\GitHub\Fish-and-Ships\Chap5SingleTexture\Debug\link.3668-rc.read.1.tlog
C:\Users\MulleyTG1\Documents\GitHub\Fish-and-Ships\Chap5SingleTexture\Debug\link.3668-rc.write.1.tlog
C:\Users\MulleyTG1\Documents\GitHub\Fish-and-Ships\Chap5SingleTexture\Debug\link.3668.read.1.tlog
C:\Users\MulleyTG1\Documents\GitHub\Fish-and-Ships\Chap5SingleTexture\Debug\link.3668.write.1.tlog
C:\Users\MulleyTG1\Documents\GitHub\Fish-and-Ships\Chap5SingleTexture\Debug\link.464-cvtres.read.1.tlog
C:\Users\MulleyTG1\Documents\GitHub\Fish-and-Ships\Chap5SingleTexture\Debug\link.464-cvtres.write.1.tlog
C:\Users\MulleyTG1\Documents\GitHub\Fish-and-Ships\Chap5SingleTexture\Debug\link.464-rc.read.1.tlog
C:\Users\MulleyTG1\Documents\GitHub\Fish-and-Ships\Chap5SingleTexture\Debug\link.464-rc.write.1.tlog
C:\Users\MulleyTG1\Documents\GitHub\Fish-and-Ships\Chap5SingleTexture\Debug\link.464.read.1.tlog
C:\Users\MulleyTG1\Documents\GitHub\Fish-and-Ships\Chap5SingleTexture\Debug\link.464.write.1.tlog
C:\Users\MulleyTG1\Documents\GitHub\Fish-and-Ships\Chap5SingleTexture\Debug\link.5224-cvtres.read.1.tlog
C:\Users\MulleyTG1\Documents\GitHub\Fish-and-Ships\Chap5SingleTexture\Debug\link.5224-cvtres.write.1.tlog
C:\Users\MulleyTG1\Documents\GitHub\Fish-and-Ships\Chap5SingleTexture\Debug\link.5224-rc.read.1.tlog
C:\Users\MulleyTG1\Documents\GitHub\Fish-and-Ships\Chap5SingleTexture\Debug\link.5224-rc.write.1.tlog
C:\Users\MulleyTG1\Documents\GitHub\Fish-and-Ships\Chap5SingleTexture\Debug\link.5224.read.1.tlog
C:\Users\MulleyTG1\Documents\GitHub\Fish-and-Ships\Chap5SingleTexture\Debug\link.5224.write.1.tlog
C:\Users\MulleyTG1\Documents\GitHub\Fish-and-Ships\Chap5SingleTexture\Debug\link.5344-cvtres.read.1.tlog
C:\Users\MulleyTG1\Documents\GitHub\Fish-and-Ships\Chap5SingleTexture\Debug\link.5344-cvtres.write.1.tlog
C:\Users\MulleyTG1\Documents\GitHub\Fish-and-Ships\Chap5SingleTexture\Debug\link.5344-rc.read.1.tlog
C:\Users\MulleyTG1\Documents\GitHub\Fish-and-Ships\Chap5SingleTexture\Debug\link.5344-rc.write.1.tlog
C:\Users\MulleyTG1\Documents\GitHub\Fish-and-Ships\Chap5SingleTexture\Debug\link.5344.read.1.tlog
C:\Users\MulleyTG1\Documents\GitHub\Fish-and-Ships\Chap5SingleTexture\Debug\link.5344.write.1.tlog
C:\Users\MulleyTG1\Documents\GitHub\Fish-and-Ships\Chap5SingleTexture\Debug\link.7564-cvtres.read.1.tlog
C:\Users\MulleyTG1\Documents\GitHub\Fish-and-Ships\Chap5SingleTexture\Debug\link.7564-cvtres.write.1.tlog
C:\Users\MulleyTG1\Documents\GitHub\Fish-and-Ships\Chap5SingleTexture\Debug\link.7564-rc.read.1.tlog
C:\Users\MulleyTG1\Documents\GitHub\Fish-and-Ships\Chap5SingleTexture\Debug\link.7564-rc.write.1.tlog
C:\Users\MulleyTG1\Documents\GitHub\Fish-and-Ships\Chap5SingleTexture\Debug\link.7564.read.1.tlog
C:\Users\MulleyTG1\Documents\GitHub\Fish-and-Ships\Chap5SingleTexture\Debug\link.7564.write.1.tlog
C:\Users\MulleyTG1\Documents\GitHub\Fish-and-Ships\Chap5SingleTexture\Debug\link.8628-cvtres.read.1.tlog
C:\Users\MulleyTG1\Documents\GitHub\Fish-and-Ships\Chap5SingleTexture\Debug\link.8628-cvtres.write.1.tlog
C:\Users\MulleyTG1\Documents\GitHub\Fish-and-Ships\Chap5SingleTexture\Debug\link.8628-rc.read.1.tlog
C:\Users\MulleyTG1\Documents\GitHub\Fish-and-Ships\Chap5SingleTexture\Debug\link.8628-rc.write.1.tlog
C:\Users\MulleyTG1\Documents\GitHub\Fish-and-Ships\Chap5SingleTexture\Debug\link.8628.read.1.tlog
C:\Users\MulleyTG1\Documents\GitHub\Fish-and-Ships\Chap5SingleTexture\Debug\link.8628.write.1.tlog
C:\Users\MulleyTG1\Documents\GitHub\Fish-and-Ships\Chap5SingleTexture\Debug\link.8768-cvtres.read.1.tlog
C:\Users\MulleyTG1\Documents\GitHub\Fish-and-Ships\Chap5SingleTexture\Debug\link.8768-cvtres.write.1.tlog
C:\Users\MulleyTG1\Documents\GitHub\Fish-and-Ships\Chap5SingleTexture\Debug\link.8768-rc.read.1.tlog
C:\Users\MulleyTG1\Documents\GitHub\Fish-and-Ships\Chap5SingleTexture\Debug\link.8768-rc.write.1.tlog
C:\Users\MulleyTG1\Documents\GitHub\Fish-and-Ships\Chap5SingleTexture\Debug\link.8768.read.1.tlog
C:\Users\MulleyTG1\Documents\GitHub\Fish-and-Ships\Chap5SingleTexture\Debug\link.8768.write.1.tlog
C:\Users\MulleyTG1\Documents\GitHub\Fish-and-Ships\Chap5SingleTexture\Debug\link.8936-cvtres.read.1.tlog
C:\Users\MulleyTG1\Documents\GitHub\Fish-and-Ships\Chap5SingleTexture\Debug\link.8936-cvtres.write.1.tlog
C:\Users\MulleyTG1\Documents\GitHub\Fish-and-Ships\Chap5SingleTexture\Debug\link.8936-rc.read.1.tlog
C:\Users\MulleyTG1\Documents\GitHub\Fish-and-Ships\Chap5SingleTexture\Debug\link.8936-rc.write.1.tlog
C:\Users\MulleyTG1\Documents\GitHub\Fish-and-Ships\Chap5SingleTexture\Debug\link.8936.read.1.tlog
C:\Users\MulleyTG1\Documents\GitHub\Fish-and-Ships\Chap5SingleTexture\Debug\link.8936.write.1.tlog
C:\Users\MulleyTG1\Documents\GitHub\Fish-and-Ships\Chap5SingleTexture\Debug\link.9132-cvtres.read.1.tlog
C:\Users\MulleyTG1\Documents\GitHub\Fish-and-Ships\Chap5SingleTexture\Debug\link.9132-cvtres.write.1.tlog
C:\Users\MulleyTG1\Documents\GitHub\Fish-and-Ships\Chap5SingleTexture\Debug\link.9132-rc.read.1.tlog
C:\Users\MulleyTG1\Documents\GitHub\Fish-and-Ships\Chap5SingleTexture\Debug\link.9132-rc.write.1.tlog
C:\Users\MulleyTG1\Documents\GitHub\Fish-and-Ships\Chap5SingleTexture\Debug\link.9132.read.1.tlog
C:\Users\MulleyTG1\Documents\GitHub\Fish-and-Ships\Chap5SingleTexture\Debug\link.9132.write.1.tlog
C:\Users\MulleyTG1\Documents\GitHub\Fish-and-Ships\Chap5SingleTexture\Debug\link.9372-cvtres.read.1.tlog
C:\Users\MulleyTG1\Documents\GitHub\Fish-and-Ships\Chap5SingleTexture\Debug\link.9372-cvtres.write.1.tlog
C:\Users\MulleyTG1\Documents\GitHub\Fish-and-Ships\Chap5SingleTexture\Debug\link.9372-rc.read.1.tlog
C:\Users\MulleyTG1\Documents\GitHub\Fish-and-Ships\Chap5SingleTexture\Debug\link.9372-rc.write.1.tlog
C:\Users\MulleyTG1\Documents\GitHub\Fish-and-Ships\Chap5SingleTexture\Debug\link.9372.read.1.tlog
C:\Users\MulleyTG1\Documents\GitHub\Fish-and-Ships\Chap5SingleTexture\Debug\link.9372.write.1.tlog
C:\Users\MulleyTG1\Documents\GitHub\Fish-and-Ships\Chap5SingleTexture\Debug\link.9672-cvtres.read.1.tlog
C:\Users\MulleyTG1\Documents\GitHub\Fish-and-Ships\Chap5SingleTexture\Debug\link.9672-cvtres.write.1.tlog
C:\Users\MulleyTG1\Documents\GitHub\Fish-and-Ships\Chap5SingleTexture\Debug\link.9672-rc.read.1.tlog
C:\Users\MulleyTG1\Documents\GitHub\Fish-and-Ships\Chap5SingleTexture\Debug\link.9672-rc.write.1.tlog
C:\Users\MulleyTG1\Documents\GitHub\Fish-and-Ships\Chap5SingleTexture\Debug\link.9672.read.1.tlog
C:\Users\MulleyTG1\Documents\GitHub\Fish-and-Ships\Chap5SingleTexture\Debug\link.9672.write.1.tlog
C:\Users\MulleyTG1\Documents\GitHub\Fish-and-Ships\Chap5SingleTexture\Debug\link.command.1.tlog
C:\Users\MulleyTG1\Documents\GitHub\Fish-and-Ships\Chap5SingleTexture\Debug\link.read.1.tlog
C:\Users\MulleyTG1\Documents\GitHub\Fish-and-Ships\Chap5SingleTexture\Debug\link.write.1.tlog
C:\Users\MulleyTG1\Documents\GitHub\Fish-and-Ships\Chap5SingleTexture\Debug\vc110.idb
C:\Users\MulleyTG1\Documents\GitHub\Fish-and-Ships\Chap5SingleTexture\Debug\Planet.pdb
C:\Users\MulleyTG1\Documents\GitHub\Fish-and-Ships\Chap5SingleTexture\Debug\vc110.pdb
C:\Users\MulleyTG1\Documents\GitHub\Fish-and-Ships\Chap5SingleTexture\Debug\Planet.exe
